<?xml version="1.0" encoding="UTF-8"?>
<testng-results skipped="0" failed="0" ignored="0" total="1" passed="1">
  <reporter-output>
  </reporter-output>
  <suite name="Suite" duration-ms="45" started-at="2019-05-14T03:55:11Z" finished-at="2019-05-14T03:55:11Z">
    <groups>
    </groups>
    <test name="Test" duration-ms="45" started-at="2019-05-14T03:55:11Z" finished-at="2019-05-14T03:55:11Z">
      <class name="com.sapient.it.Lighthouse.LightHouse">
        <test-method status="PASS" signature="lightHouseAccessibilityTest()[pri:0, instance:com.sapient.it.Lighthouse.LightHouse@7c30a502]" name="lightHouseAccessibilityTest" duration-ms="17" started-at="2019-05-14T03:55:11Z" finished-at="2019-05-14T03:55:11Z">
          <reporter-output>
          </reporter-output>
        </test-method> <!-- lightHouseAccessibilityTest -->
      </class> <!-- com.sapient.it.Lighthouse.LightHouse -->
    </test> <!-- Test -->
  </suite> <!-- Suite -->
</testng-results>
