<?xml version="1.0" encoding="UTF-8"?>
<testng-results skipped="0" failed="0" ignored="0" total="1" passed="1">
  <reporter-output>
  </reporter-output>
  <suite name="Default suite" duration-ms="44" started-at="2019-05-14T03:54:36Z" finished-at="2019-05-14T03:54:36Z">
    <groups>
    </groups>
    <test name="Default test" duration-ms="44" started-at="2019-05-14T03:54:36Z" finished-at="2019-05-14T03:54:36Z">
      <class name="com.sapient.it.Lighthouse.LightHouse">
        <test-method status="PASS" signature="lightHouseAccessibilityTest()[pri:0, instance:com.sapient.it.Lighthouse.LightHouse@1753acfe]" name="lightHouseAccessibilityTest" duration-ms="16" started-at="2019-05-14T03:54:36Z" finished-at="2019-05-14T03:54:36Z">
          <reporter-output>
          </reporter-output>
        </test-method> <!-- lightHouseAccessibilityTest -->
      </class> <!-- com.sapient.it.Lighthouse.LightHouse -->
    </test> <!-- Default test -->
  </suite> <!-- Default suite -->
</testng-results>
